{
  "RSpec": {
    "coverage": {
      "/Users/apurvajain/Desktop/RUBY/New_Calculator/lib/calculate.rb": [
        1,
        1,
        1,
        1,
        1,
        1,
        1,
        1,
        1,
        1,
        1,
        1,
        1,
        1,
        1,
        null
      ],
      "/Users/apurvajain/Desktop/RUBY/New_Calculator/lib/calculate/calculator.rb": [
        null,
        1,
        null,
        1,
        null,
        1,
        24,
        null,
        null,
        1,
        3,
        null,
        null,
        1,
        3,
        null,
        null,
        1,
        2,
        null,
        null,
        1,
        2,
        null,
        null,
        1,
        2,
        null,
        null,
        1,
        2,
        null,
        null,
        1,
        2,
        null,
        null,
        1,
        2,
        null,
        null,
        1,
        2,
        null,
        null,
        1,
        2,
        null,
        null,
        1,
        2,
        null,
        null
      ],
      "/Users/apurvajain/Desktop/RUBY/New_Calculator/lib/calculate/application.rb": [
        null,
        1,
        null,
        1,
        1,
        null,
        null,
        1,
        null,
        0,
        null,
        0,
        0,
        null,
        0,
        0,
        0,
        0,
        0,
        0,
        null,
        null,
        1,
        1,
        1,
        1,
        null,
        null,
        null
      ],
      "/Users/apurvajain/Desktop/RUBY/New_Calculator/lib/calculate/parser.rb": [
        null,
        1,
        null,
        1,
        13,
        null,
        null,
        1,
        12,
        12,
        null,
        null,
        12,
        1,
        1,
        null,
        11,
        1,
        1,
        null,
        10,
        1,
        1,
        null,
        9,
        1,
        1,
        null,
        8,
        1,
        1,
        null,
        7,
        1,
        1,
        null,
        6,
        1,
        1,
        null,
        5,
        1,
        1,
        null,
        4,
        1,
        1,
        null,
        3,
        1,
        1,
        null,
        2,
        1,
        null,
        1,
        1,
        null,
        null,
        null,
        12,
        null,
        null
      ],
      "/Users/apurvajain/Desktop/RUBY/New_Calculator/lib/calculate/add_command.rb": [
        null,
        1,
        null,
        1,
        3,
        null,
        null,
        1,
        2,
        null,
        null,
        null
      ],
      "/Users/apurvajain/Desktop/RUBY/New_Calculator/lib/calculate/sub_command.rb": [
        null,
        1,
        null,
        1,
        3,
        null,
        null,
        1,
        2,
        null,
        null,
        null
      ],
      "/Users/apurvajain/Desktop/RUBY/New_Calculator/lib/calculate/mul_command.rb": [
        1,
        null,
        1,
        2,
        null,
        null,
        1,
        1,
        null,
        null,
        null
      ],
      "/Users/apurvajain/Desktop/RUBY/New_Calculator/lib/calculate/sqr_command.rb": [
        1,
        null,
        1,
        1,
        null,
        null,
        null
      ],
      "/Users/apurvajain/Desktop/RUBY/New_Calculator/lib/calculate/sqrt_command.rb": [
        1,
        null,
        1,
        1,
        null,
        null,
        null
      ],
      "/Users/apurvajain/Desktop/RUBY/New_Calculator/lib/calculate/cube_command.rb": [
        1,
        null,
        1,
        1,
        null,
        null,
        null
      ],
      "/Users/apurvajain/Desktop/RUBY/New_Calculator/lib/calculate/cubert_command.rb": [
        1,
        null,
        1,
        1,
        null,
        null,
        null
      ],
      "/Users/apurvajain/Desktop/RUBY/New_Calculator/lib/calculate/abs_command.rb": [
        1,
        null,
        1,
        1,
        null,
        null,
        null
      ],
      "/Users/apurvajain/Desktop/RUBY/New_Calculator/lib/calculate/neg_command.rb": [
        1,
        null,
        1,
        1,
        null,
        null,
        null
      ],
      "/Users/apurvajain/Desktop/RUBY/New_Calculator/lib/calculate/div_command.rb": [
        1,
        null,
        1,
        2,
        null,
        null,
        1,
        1,
        null,
        null,
        null
      ],
      "/Users/apurvajain/Desktop/RUBY/New_Calculator/lib/calculate/cancel_command.rb": [
        1,
        null,
        1,
        1,
        null,
        null,
        null
      ],
      "/Users/apurvajain/Desktop/RUBY/New_Calculator/lib/calculate/repeat_command.rb": [
        1,
        null,
        1,
        2,
        2,
        null,
        null,
        1,
        1,
        1,
        2,
        2,
        null,
        1,
        null,
        null
      ],
      "/Users/apurvajain/Desktop/RUBY/New_Calculator/spec/calculate/add_command_spec.rb": [
        1,
        null,
        1,
        null,
        2,
        2,
        null,
        1,
        1,
        null,
        null,
        null
      ],
      "/Users/apurvajain/Desktop/RUBY/New_Calculator/spec/calculate/application_spec.rb": [
        1,
        null,
        1,
        null,
        1,
        null,
        1,
        2,
        2,
        1,
        null,
        1,
        1,
        null,
        null
      ],
      "/Users/apurvajain/Desktop/RUBY/New_Calculator/spec/calculate/calculator_spec.rb": [
        1,
        null,
        1,
        null,
        12,
        null,
        1,
        1,
        null,
        null,
        1,
        1,
        null,
        null,
        1,
        1,
        null,
        null,
        1,
        1,
        null,
        null,
        1,
        1,
        null,
        null,
        1,
        1,
        null,
        null,
        1,
        1,
        null,
        null,
        1,
        1,
        null,
        null,
        1,
        1,
        null,
        null,
        1,
        1,
        null,
        null,
        1,
        1,
        null,
        null,
        null
      ],
      "/Users/apurvajain/Desktop/RUBY/New_Calculator/spec/calculate/cancel_command_spec.rb": [
        1,
        null,
        1,
        null,
        1,
        1,
        null,
        null,
        null
      ],
      "/Users/apurvajain/Desktop/RUBY/New_Calculator/spec/calculate/cube_command_spec.rb": [
        1,
        null,
        1,
        null,
        1,
        1,
        null,
        null,
        null
      ],
      "/Users/apurvajain/Desktop/RUBY/New_Calculator/spec/calculate/cubert_command_spec.rb": [
        1,
        null,
        1,
        null,
        1,
        1,
        null,
        null,
        null
      ],
      "/Users/apurvajain/Desktop/RUBY/New_Calculator/spec/calculate/div_command_spec.rb": [
        1,
        null,
        1,
        null,
        1,
        1,
        null,
        null,
        null
      ],
      "/Users/apurvajain/Desktop/RUBY/New_Calculator/spec/calculate/mul_command_spec.rb": [
        1,
        null,
        1,
        null,
        1,
        1,
        null,
        null,
        null
      ],
      "/Users/apurvajain/Desktop/RUBY/New_Calculator/spec/calculate/neg_command_spec.rb": [
        1,
        null,
        1,
        null,
        1,
        1,
        null,
        null,
        null
      ],
      "/Users/apurvajain/Desktop/RUBY/New_Calculator/spec/calculate/parser_spec.rb": [
        1,
        null,
        1,
        null,
        13,
        null,
        1,
        1,
        null,
        null,
        1,
        1,
        null,
        null,
        1,
        1,
        null,
        null,
        1,
        1,
        null,
        null,
        1,
        1,
        null,
        null,
        1,
        1,
        null,
        null,
        1,
        1,
        null,
        null,
        1,
        1,
        null,
        null,
        1,
        1,
        null,
        null,
        1,
        1,
        null,
        null,
        1,
        1,
        null,
        null,
        1,
        1,
        null,
        null,
        null,
        null
      ],
      "/Users/apurvajain/Desktop/RUBY/New_Calculator/spec/calculate/repeat_command_spec.rb": [
        1,
        null,
        1,
        null,
        2,
        2,
        null,
        1,
        1,
        1,
        1,
        1,
        null,
        null,
        null
      ],
      "/Users/apurvajain/Desktop/RUBY/New_Calculator/spec/calculate/sqr_command_spec.rb": [
        1,
        null,
        1,
        null,
        1,
        1,
        null,
        null,
        null
      ],
      "/Users/apurvajain/Desktop/RUBY/New_Calculator/spec/calculate/sqrt_command_spec.rb": [
        1,
        null,
        1,
        null,
        1,
        1,
        null,
        null,
        null
      ],
      "/Users/apurvajain/Desktop/RUBY/New_Calculator/spec/calculate/sub_command_spec.rb": [
        1,
        null,
        1,
        null,
        1,
        1,
        null,
        null,
        null
      ]
    },
    "timestamp": 1423182650
  }
}
