{
  "RSpec": {
    "coverage": {
      "/Users/apurvajain/Desktop/RUBY/New_Calculator/lib/calculate.rb": [
        1,
        1,
        1,
        1,
        1,
        1,
        1
      ],
      "/Users/apurvajain/Desktop/RUBY/New_Calculator/lib/calculate/calculator.rb": [
        null,
        1,
        null,
        1,
        null,
        1,
        9,
        null,
        null,
        1,
        2,
        null,
        null,
        1,
        2,
        null,
        null,
        1,
        2,
        null,
        null,
        1,
        2,
        null,
        null,
        null
      ],
      "/Users/apurvajain/Desktop/RUBY/New_Calculator/lib/calculate/application.rb": [
        null,
        1,
        null,
        1,
        1,
        null,
        null,
        1,
        null,
        0,
        null,
        null,
        0,
        0,
        0,
        0,
        0,
        null,
        null,
        1,
        1,
        1,
        1,
        null,
        null,
        null
      ],
      "/Users/apurvajain/Desktop/RUBY/New_Calculator/lib/calculate/parser.rb": [
        null,
        1,
        null,
        1,
        4,
        4,
        1,
        null,
        3,
        1,
        null,
        2,
        1,
        null,
        1,
        1,
        null,
        4,
        null,
        null
      ],
      "/Users/apurvajain/Desktop/RUBY/New_Calculator/lib/calculate/add_command.rb": [
        null,
        1,
        null,
        1,
        2,
        null,
        null,
        1,
        1,
        null,
        null,
        null
      ],
      "/Users/apurvajain/Desktop/RUBY/New_Calculator/lib/calculate/sub_command.rb": [
        null,
        1,
        null,
        1,
        2,
        null,
        null,
        1,
        1,
        null,
        null,
        null
      ],
      "/Users/apurvajain/Desktop/RUBY/New_Calculator/lib/calculate/mul_command.rb": [
        1,
        null,
        1,
        2,
        null,
        null,
        1,
        1,
        null,
        null,
        null
      ],
      "/Users/apurvajain/Desktop/RUBY/New_Calculator/lib/calculate/sqrt_command.rb": [
        1,
        null,
        1,
        1,
        null,
        null,
        null
      ],
      "/Users/apurvajain/Desktop/RUBY/New_Calculator/spec/calculate/application_spec.rb": [
        1,
        null,
        1,
        null,
        1,
        null,
        1,
        2,
        2,
        1,
        null,
        1,
        1,
        null,
        null
      ],
      "/Users/apurvajain/Desktop/RUBY/New_Calculator/spec/calculate/calculator_spec.rb": [
        1,
        null,
        1,
        null,
        5,
        null,
        1,
        1,
        null,
        null,
        1,
        1,
        null,
        null,
        1,
        1,
        null,
        null,
        1,
        1,
        null,
        null,
        null
      ],
      "/Users/apurvajain/Desktop/RUBY/New_Calculator/spec/calculate/mul_command_spec.rb": [
        1,
        null,
        1,
        null,
        1,
        1,
        null,
        null,
        null
      ],
      "/Users/apurvajain/Desktop/RUBY/New_Calculator/spec/calculate/parser_spec.rb": [
        1,
        null,
        1,
        null,
        5,
        null,
        1,
        1,
        null,
        null,
        1,
        1,
        null,
        null,
        1,
        1,
        null,
        null,
        1,
        1,
        null,
        null,
        null
      ],
      "/Users/apurvajain/Desktop/RUBY/New_Calculator/spec/calculate/sqrt_command_spec.rb": [
        1,
        null,
        1,
        null,
        1,
        1,
        null,
        null,
        null
      ],
      "/Users/apurvajain/Desktop/RUBY/New_Calculator/spec/calculate/sub_command_spec.rb": [
        1,
        null,
        1,
        null,
        1,
        1,
        null,
        null,
        null
      ]
    },
    "timestamp": 1423070568
  }
}
